<?xml version="1.0" encoding="UTF-8"?>
<!-- Generated by org.testng.reporters.JUnitReportReporter -->
<testsuite hostname="DESKTOP-1EVTEJ0" failures="0" tests="1" name="examples.KarateTestRunner2" time="5.120" errors="0" timestamp="2024-09-12T11:02:55 IST" skipped="0">
  <testcase classname="examples.KarateTestRunner2" name="testAll" time="5.120"/>
  <system-out/>
</testsuite> <!-- examples.KarateTestRunner2 -->
